<?xml version="1.0" encoding="UTF-8"?>
<testsuite xmlns:xsi="http://www.w3.org/2001/XMLSchema-instance" xsi:noNamespaceSchemaLocation="https://maven.apache.org/surefire/maven-surefire-plugin/xsd/surefire-test-report-3.0.xsd" version="3.0" name="org.contract_testing.clients.VideoGameServiceClientTest" time="3.19" tests="1" errors="1" skipped="0" failures="0">
  <properties>
[...]
</properties>
  <testcase name="fetchProducts(WireMockServer, String)" classname="org.contract_testing.clients.VideoGameServiceClientTest" time="1.261">
    <error message="Error while extracting response for type [class org.contract_testing.clients.VideoGameServiceResponse] and content type [application/json]" type="org.springframework.web.client.RestClientException"><![CDATA[org.springframework.web.client.RestClientException: Error while extracting response for type [class org.contract_testing.clients.VideoGameServiceResponse] and content type [application/json]
	at org.springframework.web.client.HttpMessageConverterExtractor.extractData(HttpMessageConverterExtractor.java:118)
	at org.springframework.web.client.RestTemplate.doExecute(RestTemplate.java:865)
	at org.springframework.web.client.RestTemplate.execute(RestTemplate.java:764)
	at org.springframework.web.client.RestTemplate.getForObject(RestTemplate.java:378)
	at org.contract_testing.clients.VideoGameServiceClient.fetchVideoGames(VideoGameServiceClient.java:19)
	at org.contract_testing.clients.VideoGameServiceClientTest.fetchProducts(VideoGameServiceClientTest.java:121)
	at java.base/jdk.internal.reflect.NativeMethodAccessorImpl.invoke0(Native Method)
	at java.base/jdk.internal.reflect.NativeMethodAccessorImpl.invoke(NativeMethodAccessorImpl.java:77)
	at java.base/jdk.internal.reflect.DelegatingMethodAccessorImpl.invoke(DelegatingMethodAccessorImpl.java:43)
	at java.base/java.lang.reflect.Method.invoke(Method.java:568)
	at org.junit.platform.commons.util.ReflectionUtils.invokeMethod(ReflectionUtils.java:727)
	at org.junit.jupiter.engine.execution.MethodInvocation.proceed(MethodInvocation.java:60)
	at org.junit.jupiter.engine.execution.InvocationInterceptorChain$ValidatingInvocation.proceed(InvocationInterceptorChain.java:131)
	at org.junit.jupiter.engine.extension.TimeoutExtension.intercept(TimeoutExtension.java:156)
	at org.junit.jupiter.engine.extension.TimeoutExtension.interceptTestableMethod(TimeoutExtension.java:147)
	at org.junit.jupiter.engine.extension.TimeoutExtension.interceptTestMethod(TimeoutExtension.java:86)
	at org.junit.jupiter.engine.execution.InterceptingExecutableInvoker$ReflectiveInterceptorCall.lambda$ofVoidMethod$0(InterceptingExecutableInvoker.java:103)
	at org.junit.jupiter.engine.execution.InterceptingExecutableInvoker.lambda$invoke$0(InterceptingExecutableInvoker.java:93)
	at org.junit.jupiter.engine.execution.InvocationInterceptorChain$InterceptedInvocation.proceed(InvocationInterceptorChain.java:106)
	at org.junit.jupiter.engine.execution.InvocationInterceptorChain.proceed(InvocationInterceptorChain.java:64)
	at org.junit.jupiter.engine.execution.InvocationInterceptorChain.chainAndInvoke(InvocationInterceptorChain.java:45)
	at org.junit.jupiter.engine.execution.InvocationInterceptorChain.invoke(InvocationInterceptorChain.java:37)
	at org.junit.jupiter.engine.execution.InterceptingExecutableInvoker.invoke(InterceptingExecutableInvoker.java:92)
	at org.junit.jupiter.engine.execution.InterceptingExecutableInvoker.invoke(InterceptingExecutableInvoker.java:86)
	at org.junit.jupiter.engine.descriptor.TestMethodTestDescriptor.lambda$invokeTestMethod$7(TestMethodTestDescriptor.java:217)
	at org.junit.platform.engine.support.hierarchical.ThrowableCollector.execute(ThrowableCollector.java:73)
	at org.junit.jupiter.engine.descriptor.TestMethodTestDescriptor.invokeTestMethod(TestMethodTestDescriptor.java:213)
	at org.junit.jupiter.engine.descriptor.TestMethodTestDescriptor.execute(TestMethodTestDescriptor.java:138)
	at org.junit.jupiter.engine.descriptor.TestMethodTestDescriptor.execute(TestMethodTestDescriptor.java:68)
	at org.junit.platform.engine.support.hierarchical.NodeTestTask.lambda$executeRecursively$6(NodeTestTask.java:151)
	at org.junit.platform.engine.support.hierarchical.ThrowableCollector.execute(ThrowableCollector.java:73)
	at org.junit.platform.engine.support.hierarchical.NodeTestTask.lambda$executeRecursively$8(NodeTestTask.java:141)
	at org.junit.platform.engine.support.hierarchical.Node.around(Node.java:137)
	at org.junit.platform.engine.support.hierarchical.NodeTestTask.lambda$executeRecursively$9(NodeTestTask.java:139)
	at org.junit.platform.engine.support.hierarchical.ThrowableCollector.execute(ThrowableCollector.java:73)
	at org.junit.platform.engine.support.hierarchical.NodeTestTask.executeRecursively(NodeTestTask.java:138)
	at org.junit.platform.engine.support.hierarchical.NodeTestTask.execute(NodeTestTask.java:95)
	at java.base/java.util.ArrayList.forEach(ArrayList.java:1511)
	at org.junit.platform.engine.support.hierarchical.SameThreadHierarchicalTestExecutorService.invokeAll(SameThreadHierarchicalTestExecutorService.java:41)
	at org.junit.platform.engine.support.hierarchical.NodeTestTask.lambda$executeRecursively$6(NodeTestTask.java:155)
	at org.junit.platform.engine.support.hierarchical.ThrowableCollector.execute(ThrowableCollector.java:73)
	at org.junit.platform.engine.support.hierarchical.NodeTestTask.lambda$executeRecursively$8(NodeTestTask.java:141)
	at org.junit.platform.engine.support.hierarchical.Node.around(Node.java:137)
	at org.junit.platform.engine.support.hierarchical.NodeTestTask.lambda$executeRecursively$9(NodeTestTask.java:139)
	at org.junit.platform.engine.support.hierarchical.ThrowableCollector.execute(ThrowableCollector.java:73)
	at org.junit.platform.engine.support.hierarchical.NodeTestTask.executeRecursively(NodeTestTask.java:138)
	at org.junit.platform.engine.support.hierarchical.NodeTestTask.execute(NodeTestTask.java:95)
	at java.base/java.util.ArrayList.forEach(ArrayList.java:1511)
	at org.junit.platform.engine.support.hierarchical.SameThreadHierarchicalTestExecutorService.invokeAll(SameThreadHierarchicalTestExecutorService.java:41)
	at org.junit.platform.engine.support.hierarchical.NodeTestTask.lambda$executeRecursively$6(NodeTestTask.java:155)
	at org.junit.platform.engine.support.hierarchical.ThrowableCollector.execute(ThrowableCollector.java:73)
	at org.junit.platform.engine.support.hierarchical.NodeTestTask.lambda$executeRecursively$8(NodeTestTask.java:141)
	at org.junit.platform.engine.support.hierarchical.Node.around(Node.java:137)
	at org.junit.platform.engine.support.hierarchical.NodeTestTask.lambda$executeRecursively$9(NodeTestTask.java:139)
	at org.junit.platform.engine.support.hierarchical.ThrowableCollector.execute(ThrowableCollector.java:73)
	at org.junit.platform.engine.support.hierarchical.NodeTestTask.executeRecursively(NodeTestTask.java:138)
	at org.junit.platform.engine.support.hierarchical.NodeTestTask.execute(NodeTestTask.java:95)
	at org.junit.platform.engine.support.hierarchical.SameThreadHierarchicalTestExecutorService.submit(SameThreadHierarchicalTestExecutorService.java:35)
	at org.junit.platform.engine.support.hierarchical.HierarchicalTestExecutor.execute(HierarchicalTestExecutor.java:57)
	at org.junit.platform.engine.support.hierarchical.HierarchicalTestEngine.execute(HierarchicalTestEngine.java:54)
	at org.junit.platform.launcher.core.EngineExecutionOrchestrator.execute(EngineExecutionOrchestrator.java:147)
	at org.junit.platform.launcher.core.EngineExecutionOrchestrator.execute(EngineExecutionOrchestrator.java:127)
	at org.junit.platform.launcher.core.EngineExecutionOrchestrator.execute(EngineExecutionOrchestrator.java:90)
	at org.junit.platform.launcher.core.EngineExecutionOrchestrator.lambda$execute$0(EngineExecutionOrchestrator.java:55)
	at org.junit.platform.launcher.core.EngineExecutionOrchestrator.withInterceptedStreams(EngineExecutionOrchestrator.java:102)
	at org.junit.platform.launcher.core.EngineExecutionOrchestrator.execute(EngineExecutionOrchestrator.java:54)
	at org.junit.platform.launcher.core.DefaultLauncher.execute(DefaultLauncher.java:114)
	at org.junit.platform.launcher.core.DefaultLauncher.execute(DefaultLauncher.java:86)
	at org.junit.platform.launcher.core.DefaultLauncherSession$DelegatingLauncher.execute(DefaultLauncherSession.java:86)
	at org.apache.maven.surefire.junitplatform.LazyLauncher.execute(LazyLauncher.java:50)
	at org.apache.maven.surefire.junitplatform.JUnitPlatformProvider.execute(JUnitPlatformProvider.java:184)
	at org.apache.maven.surefire.junitplatform.JUnitPlatformProvider.invokeAllTests(JUnitPlatformProvider.java:148)
	at org.apache.maven.surefire.junitplatform.JUnitPlatformProvider.invoke(JUnitPlatformProvider.java:122)
	at org.apache.maven.surefire.booter.ForkedBooter.runSuitesInProcess(ForkedBooter.java:385)
	at org.apache.maven.surefire.booter.ForkedBooter.execute(ForkedBooter.java:162)
	at org.apache.maven.surefire.booter.ForkedBooter.run(ForkedBooter.java:507)
	at org.apache.maven.surefire.booter.ForkedBooter.main(ForkedBooter.java:495)
Caused by: org.springframework.http.converter.HttpMessageNotReadableException: JSON parse error: Cannot deserialize value of type `org.contract_testing.clients.VideoGameServiceResponse` from Array value (token `JsonToken.START_ARRAY`)
	at org.springframework.http.converter.json.AbstractJackson2HttpMessageConverter.readJavaType(AbstractJackson2HttpMessageConverter.java:406)
	at org.springframework.http.converter.json.AbstractJackson2HttpMessageConverter.read(AbstractJackson2HttpMessageConverter.java:354)
	at org.springframework.web.client.HttpMessageConverterExtractor.extractData(HttpMessageConverterExtractor.java:103)
	... 76 more
Caused by: com.fasterxml.jackson.databind.exc.MismatchedInputException: Cannot deserialize value of type `org.contract_testing.clients.VideoGameServiceResponse` from Array value (token `JsonToken.START_ARRAY`)
 at [Source: (org.springframework.util.StreamUtils$NonClosingInputStream); line: 1, column: 1]
	at com.fasterxml.jackson.databind.exc.MismatchedInputException.from(MismatchedInputException.java:59)
	at com.fasterxml.jackson.databind.DeserializationContext.reportInputMismatch(DeserializationContext.java:1752)
	at com.fasterxml.jackson.databind.DeserializationContext.handleUnexpectedToken(DeserializationContext.java:1526)
	at com.fasterxml.jackson.databind.DeserializationContext.handleUnexpectedToken(DeserializationContext.java:1473)
	at com.fasterxml.jackson.databind.deser.BeanDeserializer._deserializeFromArray(BeanDeserializer.java:656)
	at com.fasterxml.jackson.databind.deser.BeanDeserializer._deserializeOther(BeanDeserializer.java:211)
	at com.fasterxml.jackson.databind.deser.BeanDeserializer.deserialize(BeanDeserializer.java:187)
	at com.fasterxml.jackson.databind.deser.DefaultDeserializationContext.readRootValue(DefaultDeserializationContext.java:323)
	at com.fasterxml.jackson.databind.ObjectReader._bindAndClose(ObjectReader.java:2105)
	at com.fasterxml.jackson.databind.ObjectReader.readValue(ObjectReader.java:1481)
	at org.springframework.http.converter.json.AbstractJackson2HttpMessageConverter.readJavaType(AbstractJackson2HttpMessageConverter.java:395)
	... 78 more
]]></error>
    <system-out><![CDATA[11:57:26.098 [main] INFO org.springframework.test.context.support.AnnotationConfigContextLoaderUtils -- Could not detect default configuration classes for test class [org.contract_testing.clients.VideoGameServiceClientTest]: VideoGameServiceClientTest does not declare any static, non-private, non-final, nested classes annotated with @Configuration.
11:57:26.178 [main] INFO org.springframework.boot.test.context.SpringBootTestContextBootstrapper -- Found @SpringBootConfiguration org.contract_testing.Application for test class org.contract_testing.clients.VideoGameServiceClientTest

  .   ____          _            __ _ _
 /\\ / ___'_ __ _ _(_)_ __  __ _ \ \ \ \
( ( )\___ | '_ | '_| | '_ \/ _` | \ \ \ \
 \\/  ___)| |_)| | | | | || (_| |  ) ) ) )
  '  |____| .__|_| |_|_| |_\__, | / / / /
 =========|_|==============|___/=/_/_/_/
 :: Spring Boot ::                (v3.1.8)

2024-09-10T11:57:26.568-03:00  INFO 5720 --- [           main] o.c.clients.VideoGameServiceClientTest   : Starting VideoGameServiceClientTest using Java 17.0.12 with PID 5720 (started by SHeredia in C:\Users\sheredia\Documents\Pact\VideoGamesIP)
2024-09-10T11:57:26.568-03:00  INFO 5720 --- [           main] o.c.clients.VideoGameServiceClientTest   : No active profile set, falling back to 1 default profile: "default"
2024-09-10T11:57:27.888-03:00  WARN 5720 --- [           main] ion$DefaultTemplateResolverConfiguration : Cannot find template location: classpath:/templates/ (please add some templates, check your Thymeleaf configuration, or set spring.thymeleaf.check-template-location=false)
2024-09-10T11:57:27.932-03:00  INFO 5720 --- [           main] o.c.clients.VideoGameServiceClientTest   : Started VideoGameServiceClientTest in 1.617 seconds (process running for 2.412)
2024-09-10T11:57:28.908-03:00  INFO 5720 --- [           main] org.eclipse.jetty.server.Server          : jetty-11.0.19; built: 2023-12-15T20:54:39.802Z; git: f781e475c8fa9e9c8ce18b1eaa03110d510f905f; jvm 17.0.12+8-LTS-286
2024-09-10T11:57:28.928-03:00  INFO 5720 --- [           main] o.e.jetty.server.handler.ContextHandler  : Started o.e.j.s.ServletContextHandler@39afe59f{/__admin,null,AVAILABLE}
2024-09-10T11:57:28.934-03:00  INFO 5720 --- [           main] o.e.j.s.handler.ContextHandler.ROOT      : RequestHandlerClass from context returned com.github.tomakehurst.wiremock.http.StubRequestHandler. Normalized mapped under returned 'null'
2024-09-10T11:57:28.934-03:00  INFO 5720 --- [           main] o.e.jetty.server.handler.ContextHandler  : Started o.e.j.s.ServletContextHandler@2e0516a3{/,null,AVAILABLE}
2024-09-10T11:57:28.950-03:00  INFO 5720 --- [           main] o.e.jetty.server.AbstractConnector       : Started NetworkTrafficServerConnector@2df71be0{HTTP/1.1, (http/1.1, h2c)}{0.0.0.0:61436}
2024-09-10T11:57:28.950-03:00  INFO 5720 --- [           main] org.eclipse.jetty.server.Server          : Started Server@50785f86{STARTING}[11.0.19,sto=1000] @3436ms
2024-09-10T11:57:28.958-03:00  INFO 5720 --- [           main] r.lanwen.wiremock.ext.WiremockResolver   : Started wiremock server on localhost:61436
2024-09-10T11:57:29.161-03:00  INFO 5720 --- [tp1135319785-37] WireMock                                 : Request received:
127.0.0.1 - GET /api/v2/videogame

Accept: [application/json, application/*+json]
Accept-Encoding: [gzip, x-gzip, deflate]
Content-Length: [0]
Host: [localhost:61436]
Connection: [keep-alive]
User-Agent: [Apache-HttpClient/5.2.3 (Java/17.0.12)]



Matched response definition:
{
  "status" : 200,
  "body" : "[\n{\n\"id\": 1,\n\"name\": \"Resident Evil 4\",\n\"releaseDate\": \"2005-10-01 23:59:59\",\n\"reviewScore\": 85,\n\"category\": \"Shooter\",\n\"rating\": \"Universal\"\n},\n{\n\"id\": 2,\n\"name\": \"Gran Turismo 3\",\n\"releaseDate\": \"2001-03-10 23:59:59\",\n\"reviewScore\": 91,\n\"category\": \"Driving\",\n\"rating\": \"Universal\"\n},\n{\n\"id\": 3,\n\"name\": \"Tetris\",\n\"releaseDate\": \"1984-06-25 23:59:59\",\n\"reviewScore\": 88,\n\"category\": \"Puzzle\",\n\"rating\": \"Universal\"\n},\n{\n\"id\": 4,\n\"name\": \"Super Mario 64\",\n\"releaseDate\": \"1996-10-20 23:59:59\",\n\"reviewScore\": 90,\n\"category\": \"Platform\",\n\"rating\": \"Universal\"\n},\n{\n\"id\": 5,\n\"name\": \"The Legend of Zelda: Ocarina of Time\",\n\"releaseDate\": \"1998-12-10 23:59:59\",\n\"reviewScore\": 93,\n\"category\": \"Adventure\",\n\"rating\": \"PG-13\"\n},\n{\n\"id\": 6,\n\"name\": \"Doom\",\n\"releaseDate\": \"1993-02-18 23:59:59\",\n\"reviewScore\": 81,\n\"category\": \"Shooter\",\n\"rating\": \"Mature\"\n},\n{\n\"id\": 7,\n\"name\": \"Minecraft\",\n\"releaseDate\": \"2011-12-05 23:59:59\",\n\"reviewScore\": 77,\n\"category\": \"Puzzle\",\n\"rating\": \"Universal\"\n},\n{\n\"id\": 8,\n\"name\": \"SimCity 2000\",\n\"releaseDate\": \"1994-09-11 23:59:59\",\n\"reviewScore\": 88,\n\"category\": \"Strategy\",\n\"rating\": \"Universal\"\n},\n{\n\"id\": 9,\n\"name\": \"Final Fantasy VII\",\n\"releaseDate\": \"1997-08-20 23:59:59\",\n\"reviewScore\": 97,\n\"category\": \"RPG\",\n\"rating\": \"PG-13\"\n},\n{\n\"id\": 10,\n\"name\": \"Grand Theft Auto III\",\n\"releaseDate\": \"2001-04-23 23:59:59\",\n\"reviewScore\": 90,\n\"category\": \"Driving\",\n\"rating\": \"Mature\"\n}\n]",
  "headers" : {
    "Content-Type" : "application/json"
  }
}

Response:
HTTP/1.1 200
Content-Type: [application/json]
Matched-Stub-Id: [95364033-504e-4f98-901f-af525b112141]

2024-09-10T11:57:29.178-03:00  INFO 5720 --- [           main] r.lanwen.wiremock.ext.WiremockResolver   : Stopping wiremock server on localhost:61436
2024-09-10T11:57:29.183-03:00  INFO 5720 --- [           main] org.eclipse.jetty.server.Server          : Stopped Server@50785f86{STOPPING}[11.0.19,sto=1000]
2024-09-10T11:57:29.183-03:00  INFO 5720 --- [           main] org.eclipse.jetty.server.Server          : Shutdown Server@50785f86{STOPPING}[11.0.19,sto=1000]
2024-09-10T11:57:29.188-03:00  INFO 5720 --- [           main] o.e.jetty.server.AbstractConnector       : Stopped NetworkTrafficServerConnector@2df71be0{HTTP/1.1, (http/1.1, h2c)}{0.0.0.0:0}
2024-09-10T11:57:29.188-03:00  INFO 5720 --- [           main] o.e.jetty.server.handler.ContextHandler  : Stopped o.e.j.s.ServletContextHandler@2e0516a3{/,null,STOPPED}
2024-09-10T11:57:29.188-03:00  INFO 5720 --- [           main] o.e.jetty.server.handler.ContextHandler  : Stopped o.e.j.s.ServletContextHandler@39afe59f{/__admin,null,STOPPED}
]]></system-out>
  </testcase>
</testsuite>